TN:
SF:src/commands/config.ts
FNF:17
FNH:17
DA:1,36
DA:2,33
DA:3,34
DA:4,69
DA:6,51
DA:7,59
DA:8,55
DA:11,43
DA:12,54
DA:13,94
DA:18,1
DA:19,9
DA:20,3
DA:21,44
DA:22,6
DA:23,2
DA:24,30
DA:27,9
DA:28,69
DA:72,1
DA:73,13
DA:74,9
DA:75,3
DA:76,59
DA:77,65
DA:78,69
DA:80,47
DA:81,53
DA:82,49
DA:84,44
DA:86,72
DA:87,81
DA:88,75
DA:90,20
DA:93,27
DA:94,23
DA:95,47
DA:96,104
DA:97,44
DA:98,2
DA:99,50
DA:100,113
DA:101,47
DA:102,2
DA:103,43
DA:104,0
DA:105,0
DA:106,2
DA:108,34
DA:109,58
DA:110,91
DA:111,2
DA:114,110
DA:115,122
DA:116,92
DA:118,122
DA:119,37
DA:120,22
DA:121,18
DA:122,29
DA:123,92
DA:124,32
DA:125,4
DA:126,32
DA:127,101
DA:128,35
DA:129,4
DA:130,23
DA:131,0
DA:132,0
DA:133,4
DA:134,29
DA:135,46
DA:136,77
DA:137,2
DA:138,2
DA:141,19
DA:142,48
DA:143,54
DA:144,49
DA:147,34
DA:148,56
DA:149,91
DA:150,29
DA:151,66
DA:153,58
DA:154,21
DA:155,4
DA:156,54
DA:157,16
DA:160,16
DA:161,38
DA:162,31
DA:163,50
DA:167,90
DA:169,37
DA:170,37
DA:171,43
DA:172,43
DA:175,22
DA:176,39
DA:177,58
DA:178,20
DA:179,13
DA:180,23
DA:181,27
DA:182,62
DA:183,23
DA:184,45
DA:185,7
DA:186,4
DA:189,21
DA:190,45
DA:191,67
DA:192,22
DA:193,13
DA:194,26
DA:195,30
DA:196,68
DA:197,48
DA:198,8
DA:199,23
DA:200,0
DA:201,0
DA:202,6
DA:203,21
DA:204,24
DA:205,39
DA:206,58
DA:207,22
DA:208,13
DA:209,23
DA:210,27
DA:211,62
DA:212,45
DA:213,8
DA:214,32
DA:215,78
DA:216,33
DA:217,6
DA:218,21
DA:219,3
DA:220,2
DA:223,20
DA:224,50
DA:225,56
DA:226,52
DA:228,121
DA:229,42
DA:230,22
DA:231,44
DA:232,50
DA:233,46
DA:235,78
DA:236,15
DA:237,4
DA:238,87
DA:239,18
DA:240,4
DA:242,32
DA:243,84
DA:244,4
DA:245,35
DA:246,93
DA:247,4
DA:249,23
DA:250,29
DA:251,0
DA:252,0
DA:253,0
DA:254,0
DA:255,0
DA:257,0
DA:258,0
DA:259,0
DA:260,13
DA:261,57
DA:266,29
DA:267,55
DA:268,2
DA:269,2
DA:271,32
DA:274,9
DA:275,50
DA:276,92
DA:277,18
DA:280,14
DA:281,19
DA:283,41
DA:284,69
DA:285,40
DA:286,54
DA:287,97
DA:288,4
DA:289,17
DA:290,2
DA:292,39
DA:293,66
DA:294,67
DA:297,27
DA:298,47
DA:299,49
DA:300,4
DA:302,31
DA:303,55
DA:305,40
DA:306,52
DA:307,54
DA:308,57
DA:309,6
DA:310,0
DA:311,4
DA:313,4
DA:315,28
DA:316,47
DA:317,4
DA:319,30
DA:320,21
DA:321,57
DA:322,69
DA:323,54
DA:324,56
DA:325,80
DA:326,8
DA:327,0
DA:328,6
DA:330,4
DA:331,4
DA:332,17
DA:333,2
DA:335,41
DA:336,81
DA:337,73
DA:338,40
DA:339,19
DA:340,21
DA:341,0
DA:342,6
DA:343,91
DA:344,4
DA:345,56
DA:346,65
DA:347,4
DA:348,17
DA:349,2
DA:351,21
DA:354,14
DA:355,20
DA:358,26
DA:359,41
DA:360,33
DA:361,34
DA:362,41
DA:363,23
DA:364,23
DA:365,21
DA:366,22
DA:367,6
DA:368,4
DA:369,2
DA:372,30
DA:373,42
DA:374,30
DA:375,2
DA:377,27
DA:378,59
DA:379,37
DA:380,53
DA:381,2
DA:382,2
DA:383,47
DA:384,32
DA:385,2
DA:388,22
DA:389,39
DA:390,24
DA:391,22
DA:392,26
DA:393,26
DA:394,27
DA:395,6
DA:396,27
DA:397,38
DA:398,40
DA:399,4
DA:400,25
DA:401,29
DA:402,4
DA:403,30
DA:404,50
DA:405,40
DA:406,4
DA:407,26
DA:408,2
DA:410,22
DA:411,39
DA:412,35
DA:413,24
DA:414,26
DA:415,26
DA:416,27
DA:417,6
DA:418,27
DA:419,38
DA:420,40
DA:421,4
DA:422,30
DA:423,50
DA:424,40
DA:425,4
DA:426,33
DA:427,2
DA:428,26
DA:429,32
DA:432,23
DA:433,41
DA:434,36
DA:435,34
DA:436,41
DA:437,23
DA:438,23
DA:439,21
DA:440,22
DA:441,6
DA:442,4
DA:443,2
DA:444,28
DA:446,14
DA:449,41
DA:450,29
DA:451,50
DA:452,77
DA:453,25
DA:454,28
DA:455,38
DA:456,63
DA:458,11
DA:460,27
DA:461,68
DA:463,33
DA:464,94
DA:465,26
DA:466,6
DA:467,8
DA:469,24
DA:470,88
DA:471,6
DA:472,8
DA:474,52
DA:475,53
DA:476,42
DA:477,32
DA:478,6
DA:479,6
DA:482,65
DA:484,29
DA:485,92
DA:486,24
DA:487,6
DA:488,6
DA:490,35
DA:491,57
DA:493,22
DA:494,54
DA:495,34
DA:496,27
DA:497,41
DA:498,41
DA:499,46
DA:500,17
DA:501,6
DA:502,6
DA:504,39
DA:505,65
DA:506,55
DA:507,60
DA:508,58
DA:509,66
DA:510,29
DA:511,17
DA:512,51
DA:513,41
DA:514,23
DA:516,1
LF:384
LH:367
end_of_record
TN:
SF:src/commands/init-entrypoint.ts
FNF:1
FNH:1
DA:5,27
DA:6,40
DA:10,25
DA:11,128
DA:18,19
DA:19,212
DA:27,23
DA:28,926
DA:58,40
DA:59,50
DA:60,71
DA:61,193
DA:69,32
DA:70,73
DA:77,39
DA:78,58
LF:16
LH:16
end_of_record
TN:
SF:src/commands/init.ts
FNF:6
FNH:6
DA:1,36
DA:2,88
DA:3,33
DA:4,25
DA:5,43
DA:6,54
DA:7,109
DA:8,68
DA:9,72
DA:10,83
DA:11,90
DA:12,86
DA:13,41
DA:14,104
DA:16,26
DA:17,13
DA:18,21
DA:19,20
DA:20,20
DA:21,1
DA:26,10
DA:27,17
DA:28,17
DA:29,43
DA:30,35
DA:32,40
DA:33,15
DA:34,0
DA:40,9
DA:41,26
DA:43,9
DA:44,34
DA:47,21
DA:48,0
DA:49,0
DA:50,0
DA:51,4
DA:54,23
DA:55,23
DA:56,23
DA:59,79
DA:60,30
DA:61,56
DA:62,4
DA:65,71
DA:66,47
DA:67,37
DA:68,24
DA:69,56
DA:70,51
DA:71,4
DA:72,49
DA:73,25
DA:74,47
DA:75,23
DA:76,0
DA:77,13
DA:78,52
DA:82,71
DA:83,49
DA:84,39
DA:85,25
DA:86,57
DA:87,49
DA:88,4
DA:89,47
DA:90,26
DA:91,49
DA:92,24
DA:93,0
DA:94,13
DA:95,54
DA:99,63
DA:100,34
DA:101,41
DA:102,13
DA:103,48
DA:104,45
DA:108,77
DA:109,57
DA:110,47
DA:111,29
DA:112,61
DA:113,62
DA:114,4
DA:115,60
DA:116,35
DA:117,30
DA:118,48
DA:119,28
DA:120,0
DA:121,13
DA:122,53
DA:126,76
DA:127,33
DA:128,34
DA:129,56
DA:130,13
DA:131,60
DA:135,80
DA:136,50
DA:137,75
DA:138,101
DA:139,70
DA:140,31
DA:141,70
DA:142,0
DA:143,4
DA:145,13
DA:146,48
DA:150,20
DA:151,98
DA:152,6
DA:153,4
DA:155,44
DA:157,56
DA:159,80
DA:160,13
DA:161,36
DA:162,43
DA:163,6
DA:164,27
DA:165,0
DA:166,8
DA:169,141
DA:170,68
DA:172,27
DA:173,0
DA:174,0
DA:175,0
DA:176,1
DA:183,8
DA:184,26
DA:185,36
DA:187,9
DA:189,28
DA:190,30
DA:192,39
DA:193,54
DA:194,35
DA:195,89
DA:196,41
DA:197,22
DA:198,0
DA:199,0
DA:200,0
DA:201,0
DA:202,0
DA:203,0
DA:204,0
DA:205,4
DA:207,28
DA:208,35
DA:210,14
DA:211,0
DA:212,6
DA:213,15
DA:214,90
DA:215,104
DA:216,15
DA:217,0
DA:218,0
DA:219,10
DA:221,4
DA:224,23
DA:225,23
DA:226,23
DA:229,79
DA:230,30
DA:231,59
DA:232,4
DA:235,74
DA:236,47
DA:237,37
DA:238,24
DA:239,56
DA:240,51
DA:241,4
DA:242,49
DA:243,25
DA:244,45
DA:245,30
DA:246,45
DA:247,13
DA:248,50
DA:252,74
DA:253,49
DA:254,39
DA:255,25
DA:256,57
DA:257,49
DA:258,4
DA:259,47
DA:260,26
DA:261,47
DA:262,31
DA:263,47
DA:264,13
DA:265,52
DA:269,66
DA:270,34
DA:271,39
DA:272,13
DA:273,48
DA:274,43
DA:278,80
DA:279,57
DA:280,47
DA:281,29
DA:282,61
DA:283,55
DA:284,4
DA:285,53
DA:286,35
DA:287,30
DA:288,46
DA:289,35
DA:290,46
DA:291,13
DA:292,51
DA:296,91
DA:297,101
DA:298,70
DA:299,31
DA:300,68
DA:301,0
DA:302,4
DA:304,13
DA:305,46
DA:309,58
DA:310,30
DA:311,37
DA:312,60
DA:313,4
DA:315,26
DA:316,42
DA:317,46
DA:318,28
DA:319,4
DA:320,4
DA:322,33
DA:324,88
DA:325,89
DA:326,43
DA:327,33
DA:328,0
DA:329,4
DA:331,13
DA:332,35
DA:336,20
DA:337,84
DA:338,6
DA:339,4
DA:341,35
DA:343,56
DA:345,69
DA:346,69
DA:347,13
DA:348,36
DA:349,43
DA:350,6
DA:351,36
DA:352,43
DA:353,6
DA:354,104
DA:355,75
DA:358,28
DA:359,15
DA:360,49
DA:361,37
DA:362,20
DA:366,11
DA:367,27
DA:368,49
DA:369,60
DA:370,26
DA:371,23
DA:372,22
DA:373,4
DA:374,23
DA:375,1
LF:281
LH:257
end_of_record
TN:
SF:src/commands/new-hook.ts
FNF:5
FNH:4
DA:1,36
DA:2,63
DA:3,33
DA:4,25
DA:5,43
DA:6,54
DA:7,114
DA:10,79
DA:12,53
DA:14,14
DA:15,12
DA:16,48
DA:17,7
DA:18,23
DA:19,7
DA:20,48
DA:21,16
DA:22,31
DA:23,22
DA:24,11
DA:25,8
DA:26,4
DA:27,11
DA:30,11
DA:31,31
DA:32,40
DA:33,50
DA:34,68
DA:35,25
DA:36,28
DA:38,11
DA:40,31
DA:42,23
DA:43,37
DA:44,16
DA:45,145
DA:46,40
DA:47,24
DA:48,0
DA:50,0
DA:51,0
DA:52,0
DA:53,0
DA:54,0
DA:55,0
DA:56,0
DA:57,0
DA:58,6
DA:61,43
DA:62,95
DA:63,45
DA:64,22
DA:65,6
DA:68,29
DA:69,41
DA:71,0
DA:72,0
DA:73,0
DA:74,0
DA:75,0
DA:76,0
DA:77,0
DA:78,6
DA:81,53
DA:82,81
DA:83,45
DA:84,22
DA:85,6
DA:88,64
DA:89,54
DA:90,56
DA:92,20
DA:93,18
DA:94,34
DA:95,36
DA:98,34
DA:99,77
DA:100,45
DA:101,22
DA:102,6
DA:105,47
DA:106,54
DA:109,55
DA:110,99
DA:111,6
DA:113,37
DA:114,45
DA:115,50
DA:116,37
DA:117,89
DA:118,6
DA:121,22
DA:122,21
DA:123,67
DA:124,10
DA:125,6
DA:126,6
DA:130,23
DA:131,41
DA:132,6
DA:134,50
DA:135,108
DA:136,30
DA:137,17
DA:138,51
DA:139,43
DA:140,23
DA:142,1
LF:108
LH:92
end_of_record
TN:
SF:src/commands/stubs.ts
FNF:3
FNH:3
DA:1,36
DA:2,43
DA:3,52
DA:4,47
DA:6,23
DA:7,25
DA:8,25
DA:9,25
DA:10,27
DA:11,27
DA:12,28
DA:13,63
DA:14,20
DA:15,56
DA:16,13
DA:17,35
DA:19,18
DA:20,2
DA:23,18
DA:24,70
DA:25,76
LF:21
LH:21
end_of_record
TN:
SF:src/commands/types.ts
FNF:2
FNH:2
DA:1,36
DA:2,63
DA:3,33
DA:4,25
DA:5,43
DA:6,54
DA:7,109
DA:8,90
DA:10,11
DA:11,28
DA:12,60
DA:13,74
DA:14,26
DA:15,28
DA:17,11
DA:18,59
DA:19,54
DA:20,53
DA:22,47
DA:23,51
DA:25,33
DA:26,30
DA:27,32
DA:29,22
DA:30,79
DA:31,6
DA:32,6
DA:34,38
DA:35,48
DA:36,83
DA:39,75
DA:40,27
DA:41,89
DA:42,6
DA:44,29
DA:45,0
DA:46,0
DA:47,0
DA:48,2
DA:50,1
LF:40
LH:37
end_of_record
TN:
SF:src/config/classify.ts
FNF:1
FNH:1
DA:1,52
DA:9,11
DA:14,3
DA:15,19
DA:16,20
DA:18,40
DA:19,59
DA:21,39
DA:22,27
DA:23,13
DA:24,28
DA:26,2
DA:28,12
DA:29,25
DA:30,23
DA:31,10
DA:32,8
DA:33,1
LF:18
LH:18
end_of_record
TN:
SF:src/config/constants.ts
FNF:1
FNH:0
DA:10,44
DA:11,15
DA:12,16
DA:13,21
DA:14,17
DA:15,15
DA:16,9
DA:17,17
DA:18,18
DA:19,23
DA:20,23
DA:21,17
DA:22,22
DA:23,17
DA:24,19
DA:25,19
DA:26,15
DA:27,17
DA:28,16
DA:29,3
DA:32,0
DA:33,1
DA:37,46
DA:38,12
DA:39,11
DA:40,22
DA:41,3
DA:44,43
DA:45,15
DA:46,21
DA:47,17
DA:48,16
DA:49,23
DA:50,17
DA:51,16
DA:52,3
DA:56,37
DA:57,40
DA:58,38
DA:59,43
DA:60,229
LF:41
LH:40
end_of_record
TN:
SF:src/config/index.ts
FNF:4
FNH:4
DA:1,43
DA:2,47
DA:3,51
DA:4,47
DA:5,33
DA:6,33
DA:33,1
DA:34,9
DA:35,3
DA:36,44
DA:37,6
DA:38,2
DA:39,31
DA:51,6
DA:52,13
DA:53,8
DA:54,3
DA:55,50
DA:56,59
DA:57,65
DA:58,69
DA:62,48
DA:65,47
DA:66,77
DA:67,49
DA:70,59
DA:71,11
DA:72,2
DA:75,75
DA:76,9
DA:77,12
DA:78,8
DA:79,4
DA:82,40
DA:85,48
DA:86,41
DA:87,17
DA:88,26
DA:89,2
DA:90,2
DA:94,66
DA:95,35
DA:96,49
DA:97,80
DA:98,2
DA:99,2
DA:101,12
DA:102,11
DA:103,12
DA:104,44
DA:105,1
LF:51
LH:51
end_of_record
TN:
SF:src/config/merge.ts
FNF:5
FNH:5
DA:2,50
DA:4,9
DA:5,69
DA:8,1
DA:9,9
DA:10,7
DA:11,10
DA:12,7
DA:13,3
DA:14,61
DA:15,16
DA:16,130
DA:17,73
DA:18,1
DA:19,2
DA:22,6
DA:23,6
DA:24,10
DA:25,3
DA:26,29
DA:27,45
DA:28,32
DA:29,34
DA:30,60
DA:31,24
DA:32,9
DA:33,7
DA:34,6
DA:35,13
DA:36,28
DA:38,2
DA:39,14
DA:42,6
DA:43,6
DA:44,7
DA:45,3
DA:46,38
DA:47,1
DA:72,6
DA:73,6
DA:74,9
DA:75,7
DA:76,3
DA:77,28
DA:78,21
DA:79,31
DA:82,66
DA:83,75
DA:84,69
DA:87,86
DA:88,95
DA:92,24
DA:93,80
DA:94,70
DA:95,40
DA:96,51
DA:97,71
DA:98,38
DA:99,45
DA:100,16
DA:101,198
DA:103,1
DA:104,8
DA:105,6
DA:106,4
DA:107,2
DA:108,2
DA:111,27
DA:112,83
DA:113,70
DA:114,40
DA:115,51
DA:116,74
DA:117,38
DA:118,48
DA:119,16
DA:120,205
DA:122,1
DA:123,8
DA:124,6
DA:125,4
DA:126,2
DA:127,2
DA:130,14
DA:131,79
DA:132,85
DA:133,81
DA:136,13
DA:137,86
DA:138,40
DA:139,2
DA:140,92
DA:141,17
DA:142,45
DA:143,33
DA:144,2
DA:145,88
DA:146,17
DA:147,41
DA:148,2
DA:149,2
DA:152,25
DA:155,24
DA:156,72
DA:157,32
DA:158,34
DA:160,38
DA:161,10
DA:162,6
DA:163,36
DA:164,2
DA:165,2
DA:168,27
DA:169,75
DA:170,33
DA:171,25
DA:172,6
DA:173,32
DA:174,35
DA:175,2
DA:176,2
DA:179,25
DA:180,73
DA:181,34
DA:182,16
DA:183,133
DA:185,1
DA:186,6
DA:188,30
DA:189,2
DA:190,2
DA:193,26
DA:196,31
DA:197,103
DA:198,109
DA:199,105
DA:201,41
DA:202,55
DA:203,61
DA:204,57
DA:206,36
DA:208,40
DA:209,13
DA:211,81
DA:212,17
DA:213,8
DA:214,53
DA:215,71
DA:216,6
DA:217,37
DA:218,90
DA:219,20
DA:220,8
DA:221,56
DA:222,77
DA:223,6
DA:224,43
DA:226,61
DA:227,74
DA:228,0
DA:231,0
DA:232,0
DA:233,0
DA:234,0
DA:235,6
DA:238,2
DA:241,20
DA:242,55
DA:243,52
DA:244,61
DA:245,23
DA:246,2
DA:247,62
DA:248,23
DA:249,2
DA:251,51
LF:176
LH:171
end_of_record
TN:
SF:src/config/parse.ts
FNF:3
FNH:3
DA:1,48
DA:2,16
DA:3,56
DA:4,37
DA:6,1
DA:8,6
DA:9,9
DA:10,3
DA:11,44
DA:12,39
DA:13,2
DA:15,47
DA:17,13
DA:18,9
DA:19,33
DA:20,15
DA:21,49
DA:22,68
DA:25,80
DA:26,66
DA:27,16
DA:28,62
DA:29,1
DA:30,2
DA:32,13
LF:25
LH:25
end_of_record
TN:
SF:src/config/resolve.ts
FNF:2
FNH:2
DA:2,45
DA:4,16
DA:5,100
DA:8,6
DA:9,10
DA:10,7
DA:11,10
DA:12,3
DA:13,31
DA:15,34
DA:16,34
DA:18,36
DA:19,17
DA:20,6
DA:23,36
DA:24,29
DA:25,6
DA:26,17
DA:27,4
DA:29,28
DA:30,30
DA:31,52
DA:32,4
DA:33,45
DA:34,2
DA:37,32
DA:38,56
DA:39,2
DA:40,49
LF:29
LH:29
end_of_record
TN:
SF:src/config/schema.ts
FNF:4
FNH:3
DA:8,24
DA:9,72
DA:13,42
DA:18,63
DA:19,60
DA:23,45
DA:24,34
DA:25,68
DA:26,16
DA:27,44
DA:28,47
DA:29,77
DA:30,16
DA:31,42
DA:32,12
DA:36,43
DA:37,38
DA:38,32
DA:39,12
DA:42,45
DA:43,73
DA:44,3
DA:46,66
DA:50,42
DA:51,55
DA:52,37
DA:53,44
DA:54,38
DA:55,35
DA:56,57
DA:57,44
DA:58,34
DA:59,39
DA:60,12
DA:67,43
DA:68,45
DA:69,17
DA:74,42
DA:75,66
DA:76,3
DA:83,55
DA:84,22
DA:85,43
DA:86,16
DA:87,29
DA:93,90
DA:94,77
DA:97,28
DA:98,40
DA:99,34
DA:100,23
DA:101,2
DA:102,2
DA:105,46
DA:107,48
DA:108,38
DA:109,33
DA:112,35
DA:113,22
DA:114,36
DA:115,94
DA:116,89
DA:117,34
DA:118,9
DA:119,6
DA:120,4
DA:121,35
DA:122,22
DA:123,36
DA:124,94
DA:125,61
DA:126,34
DA:127,9
DA:128,6
DA:129,4
DA:132,49
DA:133,40
DA:134,24
DA:135,38
DA:136,123
DA:137,25
DA:138,11
DA:139,6
DA:140,4
DA:141,4
DA:143,28
DA:144,27
DA:145,48
DA:147,33
DA:148,26
DA:149,40
DA:150,92
DA:151,36
DA:152,13
DA:153,6
DA:154,8
DA:155,26
DA:158,39
DA:159,26
DA:160,40
DA:161,87
DA:162,36
DA:163,13
DA:164,6
DA:165,6
DA:166,4
DA:167,2
DA:168,2
DA:171,38
DA:172,31
DA:173,24
DA:174,72
DA:175,4
DA:176,33
DA:177,33
DA:178,11
DA:179,26
DA:180,40
DA:181,85
DA:182,61
DA:183,57
DA:184,11
DA:185,6
DA:186,4
DA:187,2
DA:188,2
DA:191,38
DA:192,31
DA:193,77
DA:194,22
DA:195,36
DA:196,160
DA:197,72
DA:199,30
DA:200,7
DA:201,2
DA:202,2
DA:205,38
DA:206,31
DA:207,46
DA:208,43
DA:209,44
DA:211,29
DA:212,33
DA:213,37
DA:214,44
DA:215,24
DA:216,38
DA:217,83
DA:218,83
DA:219,61
DA:220,32
DA:221,9
DA:222,4
DA:223,2
DA:224,1
DA:225,3
DA:305,0
DA:306,0
DA:307,0
LF:160
LH:157
end_of_record
TN:
SF:src/config/validate.ts
FNF:7
FNH:7
DA:2,49
DA:13,47
DA:14,143
DA:22,14
DA:23,74
DA:25,25
DA:26,57
DA:27,20
DA:28,2
DA:30,37
DA:33,15
DA:34,77
DA:37,37
DA:38,20
DA:39,51
DA:40,52
DA:41,64
DA:42,83
DA:43,4
DA:46,19
DA:47,20
DA:49,58
DA:50,43
DA:53,25
DA:54,22
DA:55,71
DA:57,21
DA:58,19
DA:59,31
DA:60,38
DA:61,21
DA:62,6
DA:64,57
DA:65,66
DA:66,66
DA:67,78
DA:68,99
DA:69,66
DA:70,22
DA:71,27
DA:72,59
DA:73,40
DA:74,6
DA:75,73
DA:76,4
DA:78,26
DA:79,2
DA:82,48
DA:83,42
DA:84,20
DA:85,23
DA:86,28
DA:87,35
DA:88,6
DA:89,30
DA:90,2
DA:91,2
DA:93,60
DA:98,17
DA:99,26
DA:100,26
DA:102,22
DA:103,0
DA:104,2
DA:106,33
DA:107,54
DA:110,30
DA:111,32
DA:112,2
DA:115,29
DA:116,42
DA:117,2
DA:120,32
DA:121,38
DA:122,2
DA:125,42
DA:128,11
DA:129,78
DA:130,60
DA:131,2
DA:132,39
DA:133,56
DA:134,75
DA:135,0
DA:136,0
DA:139,16
DA:140,30
DA:142,44
DA:143,28
DA:144,122
DA:145,2
DA:148,62
DA:149,43
DA:150,2
DA:152,29
DA:153,66
DA:154,2
DA:155,29
DA:156,40
DA:157,30
DA:158,115
DA:159,4
DA:160,95
DA:161,2
DA:162,33
DA:163,75
DA:164,2
DA:165,40
DA:166,68
DA:167,0
DA:169,0
DA:172,22
DA:174,66
DA:175,55
DA:176,2
DA:178,33
DA:179,33
DA:180,2
DA:182,30
DA:183,27
DA:184,96
DA:185,0
DA:187,0
DA:190,26
DA:192,66
DA:193,54
DA:194,2
DA:196,44
DA:197,28
DA:198,36
DA:201,22
DA:202,168
DA:203,4
DA:206,64
DA:207,45
DA:208,113
DA:209,2
DA:210,2
DA:212,33
DA:213,33
DA:214,2
DA:216,30
DA:218,26
DA:219,82
DA:220,2
DA:221,29
DA:222,71
DA:223,2
DA:224,29
DA:225,42
DA:226,110
DA:227,2
DA:228,30
DA:229,77
DA:230,2
DA:231,33
DA:232,93
DA:233,2
DA:234,40
DA:235,86
DA:236,2
DA:237,29
DA:238,76
DA:239,2
DA:240,23
DA:241,0
DA:242,2
DA:243,28
DA:245,46
DA:246,30
DA:247,84
DA:248,4
DA:250,34
DA:251,45
DA:252,37
DA:253,27
DA:254,0
DA:255,6
DA:256,36
DA:257,82
DA:258,6
DA:259,78
DA:260,4
DA:261,75
DA:262,0
DA:264,0
LF:186
LH:175
end_of_record
TN:
SF:src/engine.ts
FNF:29
FNH:28
DA:15,34
DA:31,47
DA:32,47
DA:34,43
DA:36,91
DA:37,140
DA:38,72
DA:40,70
DA:44,25
DA:46,35
DA:56,29
DA:63,31
DA:64,15
DA:65,21
DA:66,22
DA:67,9
DA:68,17
DA:69,15
DA:70,3
DA:72,33
DA:73,17
DA:74,15
DA:75,23
DA:76,16
DA:77,23
DA:78,17
DA:79,18
DA:80,19
DA:81,13
DA:82,3
DA:84,71
DA:91,6
DA:92,11
DA:93,12
DA:94,3
DA:96,23
DA:97,58
DA:98,39
DA:99,39
DA:100,22
DA:101,16
DA:102,119
DA:104,1
DA:105,6
DA:106,34
DA:107,2
DA:108,2
DA:111,35
DA:112,28
DA:113,16
DA:114,201
DA:117,1
DA:118,2
DA:119,2
DA:122,37
DA:123,33
DA:124,16
DA:125,184
DA:127,1
DA:128,2
DA:129,2
DA:132,49
DA:133,33
DA:134,37
DA:135,47
DA:136,48
DA:137,3
DA:149,6
DA:150,11
DA:151,8
DA:152,3
DA:153,35
DA:156,36
DA:157,34
DA:158,71
DA:159,28
DA:160,36
DA:161,35
DA:162,38
DA:163,8
DA:164,56
DA:165,60
DA:166,4
DA:167,33
DA:168,28
DA:169,4
DA:170,34
DA:171,28
DA:172,36
DA:173,33
DA:174,8
DA:175,34
DA:176,58
DA:177,6
DA:178,33
DA:179,52
DA:180,6
DA:181,56
DA:182,60
DA:183,2
DA:184,2
DA:187,43
DA:188,34
DA:189,104
DA:190,59
DA:191,74
DA:192,88
DA:193,4
DA:194,26
DA:195,0
DA:196,4
DA:197,34
DA:198,45
DA:199,80
DA:200,98
DA:201,46
DA:202,76
DA:203,88
DA:204,6
DA:205,28
DA:206,0
DA:207,2
DA:210,37
DA:211,34
DA:212,71
DA:213,51
DA:214,60
DA:215,4
DA:216,59
DA:217,70
DA:218,30
DA:219,35
DA:220,47
DA:221,10
DA:222,58
DA:223,60
DA:224,6
DA:225,28
DA:226,2
DA:227,2
DA:230,39
DA:234,34
DA:235,76
DA:236,46
DA:237,30
DA:238,35
DA:239,33
DA:240,10
DA:241,58
DA:242,60
DA:243,6
DA:244,47
DA:245,60
DA:246,4
DA:248,84
DA:249,27
DA:250,55
DA:251,8
DA:252,34
DA:253,42
DA:254,35
DA:255,47
DA:256,8
DA:257,6
DA:258,63
DA:259,4
DA:261,68
DA:262,28
DA:263,33
DA:264,45
DA:265,8
DA:266,56
DA:267,60
DA:268,4
DA:269,28
DA:270,2
DA:273,40
DA:274,34
DA:275,16
DA:276,36
DA:277,76
DA:278,1
DA:279,4
DA:280,36
DA:281,67
DA:282,18
DA:283,38
DA:284,91
DA:285,1
DA:286,6
DA:287,49
DA:288,4
DA:289,36
DA:290,16
DA:291,36
DA:292,65
DA:293,1
DA:294,0
DA:295,2
DA:298,44
DA:301,34
DA:302,81
DA:303,24
DA:304,24
DA:305,24
DA:306,8
DA:307,60
DA:308,4
DA:309,37
DA:310,16
DA:311,30
DA:312,35
DA:313,1
DA:314,4
DA:315,33
DA:316,24
DA:317,24
DA:318,31
DA:319,8
DA:320,60
DA:321,4
DA:322,33
DA:323,28
DA:324,0
DA:325,2
DA:328,12
DA:329,26
DA:330,76
DA:331,2
DA:348,6
DA:349,7
DA:350,11
DA:351,8
DA:352,3
DA:353,21
DA:354,27
DA:356,27
DA:357,43
DA:360,40
DA:361,28
DA:362,21
DA:363,61
DA:364,9
DA:365,8
DA:366,4
DA:369,61
DA:370,28
DA:371,21
DA:372,77
DA:373,9
DA:374,8
DA:375,4
DA:378,51
DA:379,20
DA:380,2
DA:381,2
DA:383,33
DA:386,1
DA:387,10
DA:388,8
DA:389,3
DA:390,43
DA:391,12
DA:392,69
DA:393,87
DA:394,2
DA:397,6
DA:398,10
DA:399,6
DA:400,3
DA:401,16
DA:402,36
DA:403,38
DA:404,46
DA:405,38
DA:412,6
DA:413,10
DA:414,11
DA:415,8
DA:416,3
DA:417,43
DA:418,68
DA:419,65
DA:421,39
DA:422,49
DA:424,29
DA:427,6
DA:428,10
DA:429,11
DA:430,7
DA:431,6
DA:432,12
DA:433,14
DA:434,3
DA:435,66
DA:436,42
DA:437,43
DA:438,2
DA:439,33
DA:440,18
DA:441,14
DA:442,43
DA:443,60
DA:444,131
DA:447,6
DA:448,10
DA:449,7
DA:450,12
DA:451,14
DA:452,3
DA:453,66
DA:454,42
DA:455,43
DA:456,2
DA:457,43
DA:458,60
DA:459,132
DA:462,22
DA:463,64
DA:472,6
DA:473,9
DA:474,11
DA:475,12
DA:476,8
DA:477,13
DA:478,17
DA:479,14
DA:486,3
DA:487,52
DA:488,27
DA:489,30
DA:490,27
DA:491,28
DA:492,17
DA:494,53
DA:495,28
DA:496,52
DA:502,40
DA:503,91
DA:504,98
DA:505,25
DA:506,85
DA:508,55
DA:510,53
DA:511,20
DA:512,84
DA:513,99
DA:514,40
DA:515,8
DA:516,129
DA:517,85
DA:518,4
DA:521,20
DA:522,115
DA:523,65
DA:524,6
DA:525,58
DA:526,27
DA:527,30
DA:528,22
DA:529,26
DA:530,7
DA:531,29
DA:532,2
DA:539,34
DA:540,69
DA:541,0
DA:542,0
DA:543,2
DA:544,2
DA:547,49
DA:548,43
DA:549,38
DA:550,30
DA:551,18
DA:552,24
DA:555,117
DA:556,61
DA:559,12
DA:561,49
DA:562,38
DA:563,33
DA:564,90
DA:567,40
DA:568,44
DA:569,43
DA:570,6
DA:571,45
DA:572,52
DA:573,6
DA:574,31
DA:575,47
DA:577,58
DA:579,26
DA:580,13
DA:581,105
DA:582,19
DA:583,58
DA:584,75
DA:587,40
DA:588,78
DA:589,20
DA:590,125
DA:591,12
DA:592,35
DA:593,8
DA:595,41
DA:596,91
DA:597,31
DA:598,81
DA:600,61
DA:602,59
DA:603,34
DA:604,144
DA:605,35
DA:606,6
DA:607,10
DA:610,64
DA:611,30
DA:612,29
DA:613,28
DA:614,29
DA:615,13
DA:616,37
DA:617,8
DA:618,8
DA:620,44
DA:621,123
DA:622,23
DA:623,122
DA:624,10
DA:625,8
DA:626,8
DA:628,41
DA:629,101
DA:630,8
DA:631,0
DA:633,6
DA:637,71
DA:638,74
DA:639,27
DA:640,6
DA:643,54
DA:644,70
DA:645,6
DA:646,56
DA:647,79
DA:648,6
DA:650,44
DA:651,44
DA:652,0
DA:653,0
DA:654,0
DA:655,0
DA:656,6
DA:659,31
DA:661,19
DA:662,110
DA:663,6
DA:666,36
DA:667,0
DA:668,6
DA:671,42
DA:672,39
DA:673,63
DA:674,8
DA:675,32
DA:676,31
DA:677,6
DA:678,6
DA:681,41
DA:682,39
DA:683,63
DA:684,8
DA:685,49
DA:686,0
DA:687,8
DA:688,8
DA:689,6
DA:692,36
DA:693,48
DA:694,6
DA:695,37
DA:696,61
DA:697,6
DA:698,34
DA:699,4
DA:703,12
DA:704,42
DA:713,17
DA:714,44
DA:715,33
DA:716,30
DA:717,56
DA:718,48
DA:719,6
DA:720,43
DA:721,80
DA:722,39
DA:723,79
DA:724,90
DA:725,50
DA:727,67
DA:728,11
DA:729,10
DA:731,12
DA:732,6
DA:733,6
DA:734,16
DA:738,34
DA:739,32
DA:740,38
DA:741,66
DA:742,60
DA:743,4
DA:746,50
DA:747,33
DA:750,40
DA:751,44
DA:752,43
DA:753,6
DA:754,45
DA:755,52
DA:756,6
DA:757,30
DA:758,41
DA:760,58
DA:761,96
DA:763,41
DA:764,6
DA:767,53
DA:770,20
DA:771,27
DA:772,0
DA:773,0
DA:774,6
DA:776,27
DA:777,27
DA:778,50
DA:780,39
DA:781,13
DA:782,73
DA:783,75
DA:784,28
DA:788,31
DA:789,25
DA:790,40
DA:792,45
DA:793,28
DA:794,31
DA:795,55
DA:796,6
DA:797,10
DA:799,51
DA:800,28
DA:801,54
DA:802,8
DA:803,8
DA:804,6
DA:805,6
DA:808,34
DA:810,46
DA:811,33
DA:812,34
DA:814,44
DA:815,33
DA:816,30
DA:819,43
DA:820,88
DA:821,8
DA:822,34
DA:823,0
DA:824,8
DA:826,34
DA:827,37
DA:828,22
DA:829,0
DA:830,10
DA:831,43
DA:832,0
DA:833,10
DA:834,8
DA:835,8
DA:838,32
DA:839,185
DA:840,44
DA:841,66
DA:842,33
DA:844,44
DA:845,96
DA:846,31
DA:847,99
DA:848,86
DA:849,49
DA:851,0
DA:852,0
DA:853,0
DA:854,0
DA:855,0
DA:856,0
DA:857,0
DA:858,10
DA:859,8
DA:860,8
DA:862,38
DA:863,35
DA:864,59
DA:865,10
DA:866,28
DA:867,33
DA:868,8
DA:869,8
DA:872,33
DA:873,51
DA:874,8
DA:876,30
DA:877,0
DA:878,8
DA:880,30
DA:881,6
DA:883,43
DA:884,80
DA:887,40
DA:888,67
DA:889,0
DA:890,0
DA:891,0
DA:892,0
DA:893,8
DA:895,41
DA:896,79
DA:897,90
DA:898,50
DA:899,67
DA:901,174
DA:902,66
DA:903,33
DA:904,8
DA:906,50
DA:907,177
DA:908,23
DA:909,176
DA:910,8
DA:911,0
DA:912,0
DA:913,7
DA:914,4
DA:915,4
DA:918,41
DA:919,57
DA:920,4
DA:923,46
DA:924,33
DA:925,34
DA:927,44
DA:928,33
DA:929,30
DA:932,47
DA:935,78
DA:936,81
DA:937,29
DA:938,6
DA:939,6
DA:941,43
DA:942,80
DA:943,39
DA:944,86
DA:945,96
DA:946,31
DA:949,99
DA:950,86
DA:951,62
DA:952,66
DA:953,37
DA:954,31
DA:955,30
DA:956,31
DA:957,15
DA:958,37
DA:959,8
DA:960,6
DA:962,4
DA:963,4
DA:966,25
DA:967,53
DA:968,26
DA:969,5
DA:973,32
DA:974,37
DA:975,38
DA:976,13
DA:977,44
DA:979,32
DA:980,2
DA:983,40
DA:985,83
DA:987,60
DA:988,65
DA:989,4
DA:990,27
DA:991,33
DA:992,42
DA:993,47
DA:994,65
DA:995,4
DA:997,50
DA:998,47
DA:999,2
DA:1000,51
DA:1002,85
DA:1003,3
DA:1005,23
DA:1006,49
DA:1007,2
DA:1009,86
DA:1016,29
DA:1017,71
DA:1018,28
DA:1019,78
DA:1020,2
DA:1027,0
DA:1028,0
DA:1029,0
DA:1030,0
DA:1031,0
DA:1032,0
DA:1033,0
DA:1034,0
DA:1035,0
DA:1036,0
DA:1037,0
DA:1038,0
DA:1039,0
DA:1040,0
DA:1041,0
DA:1042,0
DA:1043,0
DA:1044,0
DA:1045,0
DA:1046,0
DA:1047,0
DA:1048,0
DA:1049,0
DA:1050,0
DA:1051,0
DA:1052,0
DA:1053,0
DA:1054,0
DA:1055,0
DA:1056,0
DA:1057,0
DA:1058,0
DA:1059,0
DA:1060,0
DA:1061,0
DA:1062,0
DA:1063,0
DA:1064,0
DA:1065,0
DA:1066,0
DA:1067,0
DA:1068,0
DA:1069,0
DA:1070,0
DA:1071,0
DA:1072,0
DA:1073,0
DA:1074,0
DA:1075,0
DA:1076,0
DA:1077,0
DA:1078,0
DA:1079,0
DA:1080,0
DA:1081,0
DA:1082,0
DA:1083,0
DA:1084,0
DA:1085,0
DA:1086,0
DA:1087,0
DA:1088,0
DA:1089,0
DA:1090,0
DA:1091,0
DA:1092,0
DA:1093,0
DA:1094,0
DA:1095,0
DA:1096,0
DA:1097,0
DA:1098,0
DA:1099,0
DA:1100,0
DA:1101,0
DA:1102,0
DA:1103,0
DA:1104,0
DA:1105,0
DA:1106,0
DA:1107,0
DA:1108,0
DA:1109,0
DA:1110,0
DA:1111,0
DA:1112,0
DA:1113,0
DA:1114,0
DA:1115,0
DA:1116,0
DA:1117,0
DA:1118,0
DA:1119,0
DA:1120,0
DA:1121,0
DA:1122,0
DA:1123,0
DA:1124,0
DA:1125,0
DA:1126,0
DA:1127,0
DA:1128,0
DA:1129,0
DA:1130,0
DA:1131,0
DA:1132,0
DA:1133,0
DA:1134,0
DA:1135,0
DA:1136,0
DA:1137,0
DA:1138,0
DA:1139,0
DA:1140,0
DA:1141,0
DA:1142,0
DA:1143,0
DA:1144,0
DA:1145,0
DA:1146,0
DA:1147,0
DA:1148,0
DA:1149,0
DA:1150,0
DA:1151,0
DA:1152,0
DA:1153,0
DA:1154,0
DA:1155,0
DA:1156,0
DA:1157,0
DA:1158,0
DA:1159,0
DA:1160,0
DA:1161,0
DA:1162,0
DA:1163,0
DA:1164,0
DA:1165,0
DA:1166,0
DA:1167,0
DA:1168,0
DA:1169,0
DA:1170,0
DA:1171,0
DA:1172,0
DA:1173,0
DA:1174,0
DA:1175,0
DA:1176,0
DA:1177,0
DA:1178,0
DA:1179,0
DA:1180,0
DA:1181,0
DA:1182,0
DA:1183,0
DA:1184,0
DA:1185,0
DA:1186,0
DA:1187,0
DA:1188,0
DA:1189,0
DA:1190,0
DA:1191,0
DA:1192,0
DA:1193,0
DA:1194,0
DA:1195,0
DA:1196,0
DA:1197,0
DA:1198,0
DA:1199,0
DA:1200,0
DA:1201,0
DA:1202,0
DA:1203,0
DA:1204,0
DA:1205,0
DA:1206,0
DA:1207,0
DA:1208,0
DA:1209,0
DA:1210,0
DA:1211,0
DA:1212,0
DA:1213,0
DA:1214,0
DA:1215,0
DA:1216,0
DA:1217,0
DA:1218,0
DA:1219,0
DA:1220,0
DA:1221,0
DA:1222,0
DA:1223,0
DA:1224,0
DA:1225,0
DA:1226,0
DA:1227,0
DA:1228,0
DA:1229,0
DA:1230,0
DA:1231,0
DA:1232,0
DA:1233,0
DA:1234,0
DA:1235,0
DA:1236,0
DA:1237,0
DA:1238,0
DA:1239,0
DA:1240,0
DA:1241,0
DA:1242,0
DA:1243,0
DA:1244,0
DA:1245,0
DA:1246,0
DA:1247,0
DA:1248,0
DA:1249,0
DA:1250,0
DA:1251,0
DA:1252,0
DA:1253,0
DA:1254,0
DA:1255,0
DA:1256,0
DA:1257,0
DA:1258,0
DA:1259,0
DA:1260,0
DA:1261,0
DA:1262,0
DA:1263,0
DA:1264,0
DA:1265,0
DA:1266,0
DA:1267,0
DA:1268,0
DA:1269,0
DA:1270,0
DA:1271,0
DA:1272,0
DA:1273,0
DA:1274,0
DA:1275,0
DA:1276,0
DA:1277,0
DA:1278,0
DA:1279,0
DA:1280,0
DA:1281,0
DA:1282,0
DA:1283,0
DA:1284,0
DA:1285,0
DA:1286,0
DA:1287,0
DA:1288,0
DA:1289,0
DA:1290,0
DA:1291,0
DA:1292,0
DA:1293,0
DA:1294,0
DA:1295,0
DA:1296,0
DA:1297,0
DA:1298,0
LF:992
LH:688
end_of_record
TN:
SF:src/failures.ts
FNF:9
FNH:9
DA:1,42
DA:2,42
DA:3,36
DA:4,41
DA:13,42
DA:24,9
DA:25,70
DA:37,6
DA:38,13
DA:39,10
DA:40,18
DA:41,3
DA:42,26
DA:43,45
DA:44,2
DA:45,34
DA:46,20
DA:47,14
DA:48,15
DA:49,58
DA:52,21
DA:53,37
DA:55,30
DA:56,9
DA:57,2
DA:59,11
DA:60,9
DA:61,27
DA:62,0
DA:63,2
DA:66,13
DA:67,9
DA:68,29
DA:69,11
DA:70,21
DA:71,74
DA:72,6
DA:73,11
DA:76,32
DA:77,21
DA:78,74
DA:79,6
DA:80,9
DA:81,2
DA:86,14
DA:89,6
DA:90,13
DA:91,6
DA:92,3
DA:93,41
DA:94,11
DA:95,30
DA:96,0
DA:97,4
DA:99,6
DA:100,2
DA:104,55
DA:106,68
DA:109,6
DA:110,7
DA:111,10
DA:112,11
DA:113,7
DA:114,3
DA:115,48
DA:116,19
DA:117,66
DA:118,21
DA:119,40
DA:120,4
DA:121,15
DA:122,11
DA:123,21
DA:124,23
DA:125,21
DA:126,3
DA:127,2
DA:130,6
DA:131,7
DA:132,10
DA:133,11
DA:134,3
DA:135,37
DA:136,51
DA:137,12
DA:138,2
DA:140,60
DA:142,51
DA:143,56
DA:145,21
DA:146,2
DA:148,15
DA:149,11
DA:150,28
DA:151,2
DA:154,6
DA:155,7
DA:156,10
DA:157,11
DA:158,3
DA:159,61
LF:101
LH:99
end_of_record
TN:
SF:src/git.ts
FNF:5
FNH:5
DA:3,18
DA:4,20
DA:6,10
DA:7,57
DA:8,9
DA:9,71
DA:10,21
DA:11,18
DA:12,7
DA:13,56
DA:14,39
DA:15,45
DA:16,0
DA:17,2
DA:19,21
DA:22,10
DA:23,61
DA:24,9
DA:25,76
DA:26,21
DA:27,18
DA:28,7
DA:29,56
DA:30,39
DA:31,47
DA:32,0
DA:33,2
DA:35,23
DA:39,11
DA:40,28
DA:41,29
LF:31
LH:29
end_of_record
TN:
SF:src/index.ts
FNF:1
FNH:1
DA:1,38
LF:1
LH:1
end_of_record
TN:
SF:src/known-commands.ts
FNF:1
FNH:1
DA:1,98
LF:1
LH:1
end_of_record
TN:
SF:src/lifecycle.ts
FNF:14
FNH:14
DA:9,104
DA:10,78
DA:12,47
DA:15,6
DA:16,42
DA:17,30
DA:18,23
DA:19,39
DA:20,41
DA:21,161
DA:22,13
DA:23,107
DA:24,131
DA:25,13
DA:26,40
DA:27,55
DA:29,56
DA:30,6
DA:33,42
DA:34,22
DA:35,14
DA:36,12
DA:37,18
DA:38,6
DA:39,100
DA:42,41
DA:43,22
DA:44,14
DA:45,30
DA:46,12
DA:47,18
DA:48,6
DA:49,130
DA:55,1
DA:57,45
DA:58,123
DA:61,33
DA:62,77
DA:63,76
DA:64,9
DA:65,81
DA:66,84
DA:67,9
DA:68,28
DA:69,56
DA:70,64
DA:71,66
DA:72,52
DA:73,60
DA:74,64
DA:75,58
DA:76,62
DA:77,9
DA:79,2
DA:90,44
DA:91,16
DA:92,22
DA:93,18
DA:94,22
DA:95,21
DA:96,6
DA:97,54
DA:98,108
DA:99,104
DA:101,67
DA:103,39
DA:105,51
DA:106,106
DA:107,126
DA:108,164
DA:109,112
DA:110,86
DA:111,57
DA:112,99
DA:113,173
DA:114,17
DA:116,173
DA:117,9
DA:118,9
DA:121,128
DA:124,49
DA:125,106
DA:126,126
DA:127,190
DA:128,108
DA:129,74
DA:130,73
DA:131,159
DA:132,9
DA:133,9
DA:135,173
DA:139,24
DA:140,95
DA:141,37
DA:142,161
DA:143,18
DA:144,9
DA:145,8
DA:146,18
DA:147,120
DA:148,10
DA:149,47
LF:102
LH:102
end_of_record
TN:
SF:src/loader.ts
FNF:6
FNH:6
DA:4,59
DA:5,49
DA:6,36
DA:20,6
DA:21,5
DA:22,10
DA:23,3
DA:24,24
DA:25,73
DA:26,16
DA:27,59
DA:28,1
DA:29,2
DA:31,23
DA:32,28
DA:33,73
DA:34,16
DA:35,59
DA:36,1
DA:37,2
DA:39,23
DA:40,71
DA:41,16
DA:42,63
DA:43,1
DA:44,2
DA:46,39
DA:47,11
DA:48,17
DA:49,16
DA:50,23
DA:51,5
DA:53,44
DA:54,36
DA:55,39
DA:56,16
DA:57,143
DA:59,1
DA:60,4
DA:61,46
DA:62,16
DA:63,51
DA:64,1
DA:65,2
DA:66,2
DA:68,12
DA:71,6
DA:72,10
DA:73,7
DA:74,13
DA:75,23
DA:76,3
DA:77,65
DA:78,61
DA:80,10
DA:81,9
DA:82,36
DA:83,15
DA:84,51
DA:85,80
DA:91,40
DA:92,38
DA:93,6
DA:94,22
DA:95,42
DA:96,44
DA:97,44
DA:98,16
DA:99,121
DA:100,146
DA:101,9
DA:102,1
DA:103,4
DA:104,16
DA:105,98
DA:106,3
DA:109,59
DA:113,46
DA:114,76
DA:116,20
DA:120,47
DA:122,42
DA:123,63
DA:124,55
DA:125,16
DA:126,88
DA:127,1
DA:128,3
DA:131,46
DA:132,54
DA:134,66
DA:135,65
DA:137,94
DA:138,64
DA:139,14
DA:152,6
DA:153,8
DA:154,13
DA:155,23
DA:156,3
DA:159,47
DA:160,67
DA:162,41
DA:163,74
DA:164,4
DA:166,20
DA:167,24
DA:169,44
DA:170,30
DA:171,41
DA:172,30
DA:173,13
DA:174,48
DA:175,21
DA:176,6
DA:177,63
DA:179,2
DA:181,29
LF:118
LH:118
end_of_record
TN:
SF:src/normalize.ts
FNF:4
FNH:4
DA:4,9
DA:5,57
DA:8,6
DA:9,5
DA:10,3
DA:11,20
DA:12,52
DA:13,52
DA:14,2
DA:15,13
DA:18,11
DA:19,59
DA:20,62
DA:21,35
DA:22,27
DA:23,2
DA:24,12
LF:17
LH:17
end_of_record
TN:
SF:src/ordering.ts
FNF:5
FNH:5
DA:27,6
DA:28,9
DA:29,12
DA:30,13
DA:31,11
DA:32,15
DA:33,3
DA:34,39
DA:36,37
DA:39,12
DA:40,41
DA:41,14
DA:42,19
DA:43,38
DA:44,3
DA:48,46
DA:49,24
DA:50,26
DA:51,34
DA:52,39
DA:53,32
DA:54,31
DA:55,15
DA:56,37
DA:58,4
DA:59,35
DA:60,2
DA:63,57
DA:64,30
DA:65,34
DA:66,35
DA:68,50
DA:70,16
DA:71,95
DA:72,1
DA:73,4
DA:74,33
DA:75,16
DA:76,75
DA:77,1
DA:78,4
DA:79,24
DA:80,2
DA:83,40
DA:85,31
DA:86,33
DA:88,32
DA:89,38
DA:90,39
DA:91,32
DA:92,40
DA:93,15
DA:94,46
DA:96,2
DA:97,2
DA:100,63
DA:101,27
DA:102,34
DA:103,41
DA:104,27
DA:105,37
DA:106,2
DA:108,72
DA:118,6
DA:119,14
DA:120,11
DA:121,3
DA:122,44
DA:124,20
DA:125,24
DA:126,60
DA:127,26
DA:128,4
DA:130,49
DA:131,33
DA:132,60
DA:134,42
DA:135,34
DA:136,13
DA:137,32
DA:138,55
DA:140,2
DA:141,28
DA:144,47
DA:145,31
DA:146,27
DA:147,31
DA:149,4
DA:150,28
DA:151,27
DA:152,30
DA:153,27
DA:154,7
DA:155,49
DA:156,14
DA:157,159
DA:158,6
DA:159,2
DA:160,2
DA:162,13
LF:100
LH:100
end_of_record
TN:
SF:src/router.ts
FNF:4
FNH:4
DA:1,52
DA:2,39
DA:3,47
DA:4,59
DA:5,55
DA:6,57
DA:7,62
DA:8,52
DA:10,28
DA:12,7
DA:13,15
DA:14,52
DA:15,31
DA:16,15
DA:17,19
DA:18,45
DA:19,43
DA:20,2
DA:21,43
DA:22,82
DA:24,42
DA:25,40
DA:26,41
DA:27,43
DA:28,23
DA:30,19
DA:32,14
DA:33,9
DA:34,52
DA:35,17
DA:36,41
DA:37,32
DA:38,22
DA:39,6
DA:40,31
DA:41,0
DA:43,0
DA:46,0
DA:47,0
DA:49,1
LF:40
LH:36
end_of_record
TN:
SF:src/settings.ts
FNF:8
FNH:8
DA:1,77
DA:2,33
DA:3,59
DA:7,66
DA:25,15
DA:26,4
DA:27,28
DA:28,17
DA:29,33
DA:30,5
DA:31,12
DA:32,2
DA:33,27
DA:34,48
DA:38,8
DA:39,47
DA:40,25
DA:41,31
DA:42,31
DA:45,18
DA:46,35
DA:47,43
DA:48,2
DA:49,51
DA:50,28
DA:51,42
DA:52,2
DA:53,9
DA:54,57
DA:55,11
DA:56,16
DA:57,97
DA:58,1
DA:62,23
DA:63,12
DA:64,58
DA:65,2
DA:75,41
DA:76,58
DA:78,63
DA:80,37
DA:81,25
DA:83,19
DA:84,21
DA:85,21
DA:87,44
DA:88,40
DA:89,22
DA:90,4
DA:92,29
DA:93,60
DA:95,30
DA:97,58
DA:98,22
DA:99,13
DA:101,34
DA:102,31
DA:103,52
DA:105,59
DA:106,0
DA:107,0
DA:108,15
DA:109,32
DA:112,2
DA:115,48
DA:116,48
DA:117,70
DA:118,2
DA:120,12
DA:121,10
DA:122,12
DA:123,12
DA:124,23
DA:125,2
DA:134,22
DA:135,58
DA:137,30
DA:138,0
DA:139,2
DA:141,50
DA:142,31
DA:143,11
DA:144,0
DA:145,2
DA:147,21
DA:149,44
DA:150,34
DA:151,46
DA:153,70
DA:154,45
DA:155,24
DA:156,4
DA:157,33
DA:158,24
DA:159,13
DA:160,30
DA:162,2
DA:165,28
DA:167,43
DA:168,26
DA:169,4
DA:170,70
DA:171,2
DA:173,19
DA:181,22
DA:182,58
DA:184,47
DA:186,50
DA:187,31
DA:188,28
DA:190,49
DA:191,46
DA:192,56
DA:193,0
DA:195,0
LF:115
LH:109
end_of_record
TN:
SF:src/test-utils.ts
FNF:2
FNH:2
DA:7,25
DA:10,24
LF:2
LH:2
end_of_record
TN:
SF:src/tui/context.ts
FNF:1
FNH:1
DA:13,14
DA:14,52
LF:2
LH:2
end_of_record
TN:
SF:src/tui/json-envelope.ts
FNF:2
FNH:2
DA:8,24
DA:9,51
DA:12,25
DA:13,52
LF:4
LH:4
end_of_record
TN:
SF:src/tui/output.ts
FNF:6
FNH:6
DA:1,51
DA:3,47
DA:6,21
DA:7,24
DA:8,15
DA:12,23
DA:13,24
DA:14,23
DA:18,23
DA:19,24
DA:20,20
DA:24,23
DA:25,24
DA:26,23
DA:30,32
DA:31,18
DA:32,59
DA:33,6
DA:34,2
DA:35,21
DA:39,23
DA:40,24
DA:41,16
LF:23
LH:23
end_of_record
TN:
SF:src/tui/prompts.ts
FNF:9
FNH:9
DA:1,88
DA:10,40
DA:11,8
DA:12,34
DA:13,29
DA:15,1
DA:23,14
DA:24,39
DA:36,12
DA:37,21
DA:38,0
DA:39,0
DA:40,2
DA:41,14
DA:44,6
DA:45,5
DA:46,5
DA:47,3
DA:48,31
DA:49,69
DA:50,106
DA:51,0
DA:52,0
DA:53,0
DA:54,0
DA:55,0
DA:56,0
DA:57,0
DA:58,1
DA:61,6
DA:62,5
DA:63,5
DA:64,3
DA:65,31
DA:66,69
DA:67,110
DA:68,0
DA:70,0
DA:71,0
DA:72,0
DA:73,0
DA:74,0
DA:75,1
DA:78,6
DA:79,5
DA:80,5
DA:81,3
DA:82,63
DA:83,34
DA:84,26
DA:85,33
DA:86,5
DA:87,25
LF:53
LH:38
end_of_record
TN:
SF:src/version.ts
FNF:1
FNH:1
DA:1,30
LF:1
LH:1
end_of_record
